
> fwber-frontend@0.3.31 dev
> next dev -H 0.0.0.0 --webpack

▲ Next.js 16.1.1 (webpack)
- Local:         http://localhost:3000
- Network:       http://0.0.0.0:3000
- Experiments (use with caution):
  · optimizePackageImports

✓ Starting...
✓ Ready in 1844ms
○ Compiling /admin/logs ...
 GET /admin/logs 200 in 44s (compile: 43s, render: 1283ms)
 GET /admin/logs 200 in 97ms (compile: 16ms, render: 81ms)
○ Compiling /settings/physical-profile ...
⚠ Fast Refresh had to perform a full reload. Read more: https://nextjs.org/docs/messages/fast-refresh-reload
 GET /onboarding 200 in 7.6s (compile: 7.1s, render: 503ms)
 GET /settings/physical-profile 200 in 6.8s (compile: 6.2s, render: 540ms)
⨯ ./lib/contexts/MercureContext.tsx
Error:

Caused by:
    0: Failed to read source code from /app/fwber-frontend/lib/contexts/MercureContext.tsx
    1: No such file or directory (os error 2)

Import trace for requested module:
./lib/contexts/MercureContext.tsx
./components/realtime/NotificationListener.tsx
⚠ Found a change in next.config.js. Restarting the server to apply the changes...
[@sentry/nextjs] DEPRECATION WARNING: disableLogger is deprecated and will be removed in a future version. Use webpack.treeshake.removeDebugLogging instead.
▲ Next.js 16.1.1 (webpack)
- Local:         http://localhost:3000
- Network:       http://0.0.0.0:3000
- Experiments (use with caution):
  · clientTraceMetadata
  · optimizePackageImports

✓ Starting...
[@sentry/nextjs] Could not find `onRequestError` hook in instrumentation file. This indicates outdated configuration of the Sentry SDK. Use `Sentry.captureRequestError` to instrument the `onRequestError` hook: https://docs.sentry.io/platforms/javascript/guides/nextjs/manual-setup/#errors-from-nested-react-server-components
[@sentry/nextjs] DEPRECATION WARNING: It is recommended renaming your `sentry.client.config.ts` file, or moving its content to `instrumentation-client.ts`. When using Turbopack `sentry.client.config.ts` will no longer work. Read more about the `instrumentation-client.ts` file: https://nextjs.org/docs/app/api-reference/file-conventions/instrumentation-client
✓ Ready in 6.5s
○ Compiling /help ...
[@sentry/nextjs] DEPRECATION WARNING: disableLogger is deprecated and will be removed in a future version. Use webpack.treeshake.removeDebugLogging instead.
[?25h
