
   INFO  Server running on [http://127.0.0.1:8000].

  Press Ctrl+C to stop the server

  Health Check: Testing Database...
  Health Check: Database OK
  Health Check: Testing Redis...
  Health Check: Redis SKIPPED
  2026-02-19 07:20:54 /api/health ...................................... ~ 1s
  Health Check: Testing Database...
  Health Check: Database OK
  Health Check: Testing Redis...
  Health Check: Redis SKIPPED
  2026-02-19 07:20:54 /api/health ...................................... ~ 1s
  Health Check: Testing Database...
  Health Check: Database OK
  Health Check: Testing Redis...
  Health Check: Redis SKIPPED
  2026-02-19 07:20:54 /api/health ...................................... ~ 1s
  Health Check: Testing Database...
  Health Check: Database OK
  Health Check: Testing Redis...
  Health Check: Redis SKIPPED
  2026-02-19 07:20:54 /api/health ...................................... ~ 1s
  Health Check: Testing Database...
  Health Check: Database OK
  Health Check: Testing Redis...
  Health Check: Redis SKIPPED
  2026-02-19 07:20:54 /api/health ...................................... ~ 1s
  Health Check: Testing Database...
  Health Check: Database OK
  Health Check: Testing Redis...
  Health Check: Redis SKIPPED
  2026-02-19 07:20:54 /api/health ...................................... ~ 1s
  Health Check: Testing Database...
  Health Check: Database OK
  Health Check: Testing Redis...
  Health Check: Redis SKIPPED
  2026-02-19 07:20:54 /api/health ...................................... ~ 1s
  Health Check: Testing Database...
  Health Check: Database OK
  Health Check: Testing Redis...
  Health Check: Redis SKIPPED
  2026-02-19 07:20:54 /api/health ...................................... ~ 1s
  Health Check: Testing Database...
  Health Check: Database OK
  Health Check: Testing Redis...
  Health Check: Redis SKIPPED
  2026-02-19 07:20:54 /api/health ...................................... ~ 1s
  Health Check: Testing Database...
  Health Check: Database OK
  Health Check: Testing Redis...
  Health Check: Redis SKIPPED
  2026-02-19 07:20:54 /api/health ...................................... ~ 1s
  Health Check: Testing Database...
  Health Check: Database OK
  Health Check: Testing Redis...
  Health Check: Redis SKIPPED
  2026-02-19 07:20:55 /api/health .................................. ~ 0.21ms
  Health Check: Testing Database...
  Health Check: Database OK
  Health Check: Testing Redis...
  Health Check: Redis SKIPPED
  2026-02-19 07:20:55 /api/health .................................. ~ 1.58ms
  Health Check: Testing Database...
  Health Check: Database OK
  Health Check: Testing Redis...
  Health Check: Redis SKIPPED
  2026-02-19 07:20:55 /api/health .................................. ~ 1.57ms
  Health Check: Testing Database...
  Health Check: Database OK
  Health Check: Testing Redis...
  Health Check: Redis SKIPPED
  2026-02-19 07:20:55 /api/health .................................. ~ 1.48ms
  Health Check: Testing Database...
  Health Check: Database OK
  Health Check: Testing Redis...
  Health Check: Redis SKIPPED
  2026-02-19 07:20:55 /api/health .................................. ~ 1.51ms
  Health Check: Testing Database...
  Health Check: Database OK
  Health Check: Testing Redis...
  Health Check: Redis SKIPPED
  2026-02-19 07:20:55 /api/health .................................. ~ 1.90ms
  Health Check: Testing Database...
  Health Check: Database OK
  Health Check: Testing Redis...
  Health Check: Redis SKIPPED
  2026-02-19 07:20:55 /api/health .................................. ~ 1.55ms
  Health Check: Testing Database...
  Health Check: Database OK
  Health Check: Testing Redis...
  Health Check: Redis SKIPPED
  2026-02-19 07:20:55 /api/health .................................. ~ 1.58ms
  Health Check: Testing Database...
  Health Check: Database OK
  Health Check: Testing Redis...
  Health Check: Redis SKIPPED
  2026-02-19 07:20:55 /api/health .................................. ~ 1.64ms
  Health Check: Testing Database...
  Health Check: Database OK
  Health Check: Testing Redis...
  Health Check: Redis SKIPPED
  2026-02-19 07:20:55 /api/health .................................. ~ 1.52ms
  Health Check: Testing Database...
  Health Check: Database OK
  Health Check: Testing Redis...
  Health Check: Redis SKIPPED
  2026-02-19 07:20:55 /api/health .................................. ~ 1.55ms
  Health Check: Testing Database...
  Health Check: Database OK
  Health Check: Testing Redis...
  Health Check: Redis SKIPPED
  2026-02-19 07:20:55 /api/health .................................. ~ 1.61ms
  Health Check: Testing Database...
  Health Check: Database OK
  Health Check: Testing Redis...
  Health Check: Redis SKIPPED
  2026-02-19 07:20:55 /api/health .................................. ~ 1.71ms
  Health Check: Testing Database...
  Health Check: Database OK
  Health Check: Testing Redis...
  Health Check: Redis SKIPPED
  2026-02-19 07:20:55 /api/health .................................. ~ 1.57ms
  Health Check: Testing Database...
  Health Check: Database OK
  Health Check: Testing Redis...
  Health Check: Redis SKIPPED
  2026-02-19 07:20:55 /api/health .................................. ~ 1.50ms
  Health Check: Testing Database...
  Health Check: Database OK
  Health Check: Testing Redis...
  Health Check: Redis SKIPPED
  2026-02-19 07:20:55 /api/health .................................. ~ 1.46ms
  Health Check: Testing Database...
  Health Check: Database OK
  Health Check: Testing Redis...
  Health Check: Redis SKIPPED
  2026-02-19 07:20:55 /api/health .................................. ~ 1.51ms
  Health Check: Testing Database...
  Health Check: Database OK
  Health Check: Testing Redis...
  Health Check: Redis SKIPPED
  2026-02-19 07:20:55 /api/health .................................. ~ 2.07ms
  Health Check: Testing Database...
  Health Check: Database OK
  Health Check: Testing Redis...
  Health Check: Redis SKIPPED
  2026-02-19 07:20:55 /api/health .................................. ~ 1.47ms
  Health Check: Testing Database...
  Health Check: Database OK
  Health Check: Testing Redis...
  Health Check: Redis SKIPPED
  2026-02-19 07:20:55 /api/health ................................ ~ 502.25ms
  Health Check: Testing Database...
  Health Check: Database OK
  Health Check: Testing Redis...
  Health Check: Redis SKIPPED
  2026-02-19 07:20:55 /api/health ................................ ~ 502.12ms
  Health Check: Testing Database...
  Health Check: Database OK
  Health Check: Testing Redis...
  Health Check: Redis SKIPPED
  2026-02-19 07:20:55 /api/health .................................. ~ 1.51ms
  Health Check: Testing Database...
  Health Check: Database OK
  Health Check: Testing Redis...
  Health Check: Redis SKIPPED
  2026-02-19 07:20:55 /api/health .................................. ~ 1.59ms
  Health Check: Testing Database...
  Health Check: Database OK
  Health Check: Testing Redis...
  Health Check: Redis SKIPPED
  2026-02-19 07:20:55 /api/health .................................. ~ 1.51ms
  Health Check: Testing Database...
  Health Check: Database OK
  Health Check: Testing Redis...
  Health Check: Redis SKIPPED
  2026-02-19 07:20:55 /api/health .................................. ~ 1.54ms
  Health Check: Testing Database...
  Health Check: Database OK
  Health Check: Testing Redis...
  Health Check: Redis SKIPPED
  2026-02-19 07:20:55 /api/health .................................. ~ 1.56ms
  Health Check: Testing Database...
  Health Check: Database OK
  Health Check: Testing Redis...
  Health Check: Redis SKIPPED
  2026-02-19 07:20:55 /api/health .................................. ~ 1.50ms
  Health Check: Testing Database...
  Health Check: Database OK
  Health Check: Testing Redis...
  Health Check: Redis SKIPPED
  2026-02-19 07:20:55 /api/health .................................. ~ 1.46ms
  Health Check: Testing Database...
  Health Check: Database OK
  Health Check: Testing Redis...
  Health Check: Redis SKIPPED
  2026-02-19 07:20:55 /api/health .................................. ~ 2.37ms
  Health Check: Testing Database...
  Health Check: Database OK
  Health Check: Testing Redis...
  Health Check: Redis SKIPPED
  2026-02-19 07:20:55 /api/health .................................. ~ 1.58ms
  Health Check: Testing Database...
  Health Check: Database OK
  Health Check: Testing Redis...
  Health Check: Redis SKIPPED
  2026-02-19 07:20:55 /api/health .................................. ~ 1.61ms
  Health Check: Testing Database...
  Health Check: Database OK
  Health Check: Testing Redis...
  Health Check: Redis SKIPPED
  2026-02-19 07:20:55 /api/health .................................. ~ 1.52ms
  Health Check: Testing Database...
  Health Check: Database OK
  Health Check: Testing Redis...
  Health Check: Redis SKIPPED
  2026-02-19 07:20:55 /api/health .................................. ~ 1.57ms
  Health Check: Testing Database...
  Health Check: Database OK
  Health Check: Testing Redis...
  Health Check: Redis SKIPPED
  2026-02-19 07:20:55 /api/health .................................. ~ 1.64ms
  Health Check: Testing Database...
  Health Check: Database OK
  Health Check: Testing Redis...
  Health Check: Redis SKIPPED
  2026-02-19 07:20:56 /api/health .................................. ~ 1.90ms
  Health Check: Testing Database...
  Health Check: Database OK
  Health Check: Testing Redis...
  Health Check: Redis SKIPPED
  2026-02-19 07:20:56 /api/health .................................. ~ 1.53ms
  Health Check: Testing Database...
  Health Check: Database OK
  Health Check: Testing Redis...
  Health Check: Redis SKIPPED
  2026-02-19 07:20:56 /api/health .................................. ~ 1.52ms
  Health Check: Testing Database...
  Health Check: Database OK
  Health Check: Testing Redis...
  Health Check: Redis SKIPPED
  2026-02-19 07:20:56 /api/health .................................. ~ 1.56ms
  Health Check: Testing Database...
  Health Check: Database OK
  Health Check: Testing Redis...
  Health Check: Redis SKIPPED
  2026-02-19 07:20:56 /api/health .................................. ~ 1.57ms
  Health Check: Testing Database...
  Health Check: Database OK
  Health Check: Testing Redis...
  Health Check: Redis SKIPPED
  2026-02-19 07:20:56 /api/health .................................. ~ 2.02ms
  Health Check: Testing Database...
  Health Check: Database OK
  Health Check: Testing Redis...
  Health Check: Redis SKIPPED
  2026-02-19 07:20:56 /api/health .................................. ~ 1.49ms
  Health Check: Testing Database...
  Health Check: Database OK
  Health Check: Testing Redis...
  Health Check: Redis SKIPPED
  2026-02-19 07:20:56 /api/health .................................. ~ 1.62ms
  Health Check: Testing Database...
  Health Check: Database OK
  Health Check: Testing Redis...
  Health Check: Redis SKIPPED
  2026-02-19 07:20:56 /api/health .................................. ~ 1.51ms
  Health Check: Testing Database...
  Health Check: Database OK
  Health Check: Testing Redis...
  Health Check: Redis SKIPPED
  2026-02-19 07:20:56 /api/health .................................. ~ 1.46ms
  Health Check: Testing Database...
  Health Check: Database OK
  Health Check: Testing Redis...
  Health Check: Redis SKIPPED
  2026-02-19 07:20:56 /api/health .................................. ~ 1.52ms
  Health Check: Testing Database...
  Health Check: Database OK
  Health Check: Testing Redis...
  Health Check: Redis SKIPPED
  2026-02-19 07:20:56 /api/health .................................. ~ 1.65ms
  Health Check: Testing Database...
  Health Check: Database OK
  Health Check: Testing Redis...
  Health Check: Redis SKIPPED
  2026-02-19 07:20:56 /api/health .................................. ~ 1.46ms
  Health Check: Testing Database...
  Health Check: Database OK
  Health Check: Testing Redis...
  Health Check: Redis SKIPPED
  2026-02-19 07:20:56 /api/health .................................. ~ 1.62ms
  Health Check: Testing Database...
  Health Check: Database OK
  Health Check: Testing Redis...
  Health Check: Redis SKIPPED
  2026-02-19 07:20:56 /api/health .................................. ~ 1.58ms
  Health Check: Testing Database...
  Health Check: Database OK
  Health Check: Testing Redis...
  Health Check: Redis SKIPPED
  2026-02-19 07:20:56 /api/health .................................. ~ 1.53ms
  Health Check: Testing Database...
  Health Check: Database OK
  Health Check: Testing Redis...
  Health Check: Redis SKIPPED
  2026-02-19 07:20:56 /api/health .................................. ~ 1.96ms
  Health Check: Testing Database...
  Health Check: Database OK
  Health Check: Testing Redis...
  Health Check: Redis SKIPPED
  2026-02-19 07:20:56 /api/health .................................. ~ 1.48ms
  Health Check: Testing Database...
  Health Check: Database OK
  Health Check: Testing Redis...
  Health Check: Redis SKIPPED
  2026-02-19 07:20:56 /api/health .................................. ~ 1.49ms
  Health Check: Testing Database...
  Health Check: Database OK
  Health Check: Testing Redis...
  Health Check: Redis SKIPPED
  2026-02-19 07:20:56 /api/health ................................ ~ 502.60ms
  Health Check: Testing Database...
  Health Check: Database OK
  Health Check: Testing Redis...
  Health Check: Redis SKIPPED
  2026-02-19 07:20:56 /api/health ................................ ~ 502.49ms
  Health Check: Testing Database...
  Health Check: Database OK
  Health Check: Testing Redis...
  Health Check: Redis SKIPPED
  2026-02-19 07:20:56 /api/health .................................. ~ 1.61ms
  Health Check: Testing Database...
  Health Check: Database OK
  Health Check: Testing Redis...
  Health Check: Redis SKIPPED
  2026-02-19 07:20:56 /api/health .................................. ~ 1.55ms
  Health Check: Testing Database...
  Health Check: Database OK
  Health Check: Testing Redis...
  Health Check: Redis SKIPPED
  2026-02-19 07:20:56 /api/health .................................. ~ 1.46ms
  Health Check: Testing Database...
  Health Check: Database OK
  Health Check: Testing Redis...
  Health Check: Redis SKIPPED
  2026-02-19 07:20:56 /api/health .................................. ~ 1.57ms
  Health Check: Testing Database...
  Health Check: Database OK
  Health Check: Testing Redis...
  Health Check: Redis SKIPPED
  2026-02-19 07:20:56 /api/health .................................. ~ 1.47ms
  Health Check: Testing Database...
  Health Check: Database OK
  Health Check: Testing Redis...
  Health Check: Redis SKIPPED
  2026-02-19 07:20:56 /api/health .................................. ~ 1.46ms
  Health Check: Testing Database...
  Health Check: Database OK
  Health Check: Testing Redis...
  Health Check: Redis SKIPPED
  2026-02-19 07:20:56 /api/health .................................. ~ 1.58ms
  Health Check: Testing Database...
  Health Check: Database OK
  Health Check: Testing Redis...
  Health Check: Redis SKIPPED
  2026-02-19 07:20:56 /api/health .................................. ~ 1.50ms
  Health Check: Testing Database...
  Health Check: Database OK
  Health Check: Testing Redis...
  Health Check: Redis SKIPPED
  2026-02-19 07:20:56 /api/health .................................. ~ 1.46ms
  Health Check: Testing Database...
  Health Check: Database OK
  Health Check: Testing Redis...
  Health Check: Redis SKIPPED
  2026-02-19 07:20:56 /api/health .................................. ~ 1.62ms
  Health Check: Testing Database...
  Health Check: Database OK
  Health Check: Testing Redis...
  Health Check: Redis SKIPPED
  2026-02-19 07:20:56 /api/health .................................. ~ 1.88ms
  Health Check: Testing Database...
  Health Check: Database OK
  Health Check: Testing Redis...
  Health Check: Redis SKIPPED
  2026-02-19 07:20:56 /api/health .................................. ~ 1.65ms
  Health Check: Testing Database...
  Health Check: Database OK
  Health Check: Testing Redis...
  Health Check: Redis SKIPPED
  2026-02-19 07:20:56 /api/health .................................. ~ 1.57ms
  Health Check: Testing Database...
  Health Check: Database OK
  Health Check: Testing Redis...
  Health Check: Redis SKIPPED
  2026-02-19 07:20:56 /api/health .................................. ~ 1.46ms
  Health Check: Testing Database...
  Health Check: Database OK
  Health Check: Testing Redis...
  Health Check: Redis SKIPPED
  2026-02-19 07:20:56 /api/health .................................. ~ 1.51ms
  Health Check: Testing Database...
  Health Check: Database OK
  Health Check: Testing Redis...
  Health Check: Redis SKIPPED
  2026-02-19 07:20:56 /api/health .................................. ~ 1.58ms
  Health Check: Testing Database...
  Health Check: Database OK
  Health Check: Testing Redis...
  Health Check: Redis SKIPPED
  2026-02-19 07:20:56 /api/health .................................. ~ 1.46ms
  Health Check: Testing Database...
  Health Check: Database OK
  Health Check: Testing Redis...
  Health Check: Redis SKIPPED
  2026-02-19 07:20:56 /api/health .................................. ~ 1.49ms
  Health Check: Testing Database...
  Health Check: Database OK
  Health Check: Testing Redis...
  Health Check: Redis SKIPPED
  2026-02-19 07:20:56 /api/health .................................. ~ 1.54ms
  Health Check: Testing Database...
  Health Check: Database OK
  Health Check: Testing Redis...
  Health Check: Redis SKIPPED
  2026-02-19 07:20:56 /api/health .................................. ~ 1.46ms
  Health Check: Testing Database...
  Health Check: Database OK
  Health Check: Testing Redis...
  Health Check: Redis SKIPPED
  2026-02-19 07:20:56 /api/health .................................. ~ 1.46ms
  Health Check: Testing Database...
  Health Check: Database OK
  Health Check: Testing Redis...
  Health Check: Redis SKIPPED
  2026-02-19 07:20:56 /api/health .................................. ~ 1.80ms
  Health Check: Testing Database...
  Health Check: Database OK
  Health Check: Testing Redis...
  Health Check: Redis SKIPPED
  2026-02-19 07:20:56 /api/health .................................. ~ 1.49ms
  Health Check: Testing Database...
  Health Check: Database OK
  Health Check: Testing Redis...
  Health Check: Redis SKIPPED
  2026-02-19 07:20:56 /api/health .................................. ~ 1.50ms
  Health Check: Testing Database...
  Health Check: Database OK
  Health Check: Testing Redis...
  Health Check: Redis SKIPPED
  2026-02-19 07:20:56 /api/health .................................. ~ 1.60ms
  Health Check: Testing Database...
  Health Check: Database OK
  Health Check: Testing Redis...
  Health Check: Redis SKIPPED
  2026-02-19 07:20:56 /api/health .................................. ~ 1.45ms
  Health Check: Testing Database...
  Health Check: Database OK
  Health Check: Testing Redis...
  Health Check: Redis SKIPPED
  2026-02-19 07:20:56 /api/health .................................. ~ 1.49ms
  Health Check: Testing Database...
  Health Check: Database OK
  Health Check: Testing Redis...
  Health Check: Redis SKIPPED
  2026-02-19 07:20:56 /api/health .................................. ~ 1.61ms
  Health Check: Testing Database...
  Health Check: Database OK
  Health Check: Testing Redis...
  Health Check: Redis SKIPPED
  2026-02-19 07:20:56 /api/health .................................. ~ 1.47ms
  Health Check: Testing Database...
  Health Check: Database OK
  Health Check: Testing Redis...
  Health Check: Redis SKIPPED
  2026-02-19 07:20:56 /api/health .................................. ~ 1.50ms
  Health Check: Testing Database...
  Health Check: Database OK
  Health Check: Testing Redis...
  Health Check: Redis SKIPPED
  2026-02-19 07:20:56 /api/health .................................. ~ 1.56ms
  Health Check: Testing Database...
  Health Check: Database OK
  Health Check: Testing Redis...
  Health Check: Redis SKIPPED
  2026-02-19 07:20:56 /api/health .................................. ~ 1.45ms
  Health Check: Testing Database...
  Health Check: Database OK
  Health Check: Testing Redis...
  Health Check: Redis SKIPPED
  2026-02-19 07:20:56 /api/health .................................. ~ 1.45ms
  Health Check: Testing Database...
  Health Check: Database OK
  Health Check: Testing Redis...
  Health Check: Redis SKIPPED
  2026-02-19 07:20:56 /api/health ................................ ~ 502.37ms
  Health Check: Testing Database...
  Health Check: Database OK
  Health Check: Testing Redis...
  Health Check: Redis SKIPPED
  2026-02-19 07:20:56 /api/health ................................ ~ 502.14ms
  Health Check: Testing Database...
  Health Check: Database OK
  Health Check: Testing Redis...
  Health Check: Redis SKIPPED
  2026-02-19 07:20:56 /api/health .................................. ~ 1.51ms
  Health Check: Testing Database...
  Health Check: Database OK
  Health Check: Testing Redis...
  Health Check: Redis SKIPPED
  2026-02-19 07:20:56 /api/health .................................. ~ 1.62ms
  Health Check: Testing Database...
  Health Check: Database OK
  Health Check: Testing Redis...
  Health Check: Redis SKIPPED
  2026-02-19 07:20:56 /api/health .................................. ~ 1.83ms
  Health Check: Testing Database...
  Health Check: Database OK
  Health Check: Testing Redis...
  Health Check: Redis SKIPPED
  2026-02-19 07:20:56 /api/health .................................. ~ 1.60ms
  Health Check: Testing Database...
  Health Check: Database OK
  Health Check: Testing Redis...
  Health Check: Redis SKIPPED
  2026-02-19 07:20:56 /api/health .................................. ~ 1.51ms
  Health Check: Testing Database...
  Health Check: Database OK
  Health Check: Testing Redis...
  Health Check: Redis SKIPPED
  2026-02-19 07:20:56 /api/health .................................. ~ 1.45ms
  Health Check: Testing Database...
  Health Check: Database OK
  Health Check: Testing Redis...
  Health Check: Redis SKIPPED
  2026-02-19 07:20:56 /api/health .................................. ~ 1.63ms
  Health Check: Testing Database...
  Health Check: Database OK
  Health Check: Testing Redis...
  Health Check: Redis SKIPPED
  2026-02-19 07:20:57 /api/health .................................. ~ 1.52ms
  Health Check: Testing Database...
  Health Check: Database OK
  Health Check: Testing Redis...
  Health Check: Redis SKIPPED
  2026-02-19 07:20:57 /api/health .................................. ~ 1.45ms
  Health Check: Testing Database...
  Health Check: Database OK
  Health Check: Testing Redis...
  Health Check: Redis SKIPPED
  2026-02-19 07:20:57 /api/health .................................. ~ 1.52ms
  Health Check: Testing Database...
  Health Check: Database OK
  Health Check: Testing Redis...
  Health Check: Redis SKIPPED
  2026-02-19 07:20:57 /api/health .................................. ~ 1.49ms
  Health Check: Testing Database...
  Health Check: Database OK
  Health Check: Testing Redis...
  Health Check: Redis SKIPPED
  2026-02-19 07:20:57 /api/health .................................. ~ 1.52ms
  Health Check: Testing Database...
  Health Check: Database OK
  Health Check: Testing Redis...
  Health Check: Redis SKIPPED
  2026-02-19 07:20:57 /api/health .................................. ~ 1.63ms
  Health Check: Testing Database...
  Health Check: Database OK
  Health Check: Testing Redis...
  Health Check: Redis SKIPPED
  2026-02-19 07:20:57 /api/health .................................. ~ 1.50ms
  Health Check: Testing Database...
  Health Check: Database OK
  Health Check: Testing Redis...
  Health Check: Redis SKIPPED
  2026-02-19 07:20:57 /api/health .................................. ~ 1.82ms
  Health Check: Testing Database...
  Health Check: Database OK
  Health Check: Testing Redis...
  Health Check: Redis SKIPPED
  2026-02-19 07:20:57 /api/health .................................. ~ 1.62ms
  Health Check: Testing Database...
  Health Check: Database OK
  Health Check: Testing Redis...
  Health Check: Redis SKIPPED
  2026-02-19 07:20:57 /api/health .................................. ~ 1.48ms
  Health Check: Testing Database...
  Health Check: Database OK
  Health Check: Testing Redis...
  Health Check: Redis SKIPPED
  2026-02-19 07:20:57 /api/health .................................. ~ 1.47ms
  Health Check: Testing Database...
  Health Check: Database OK
  Health Check: Testing Redis...
  Health Check: Redis SKIPPED
  2026-02-19 07:20:57 /api/health .................................. ~ 1.64ms
  Health Check: Testing Database...
  Health Check: Database OK
  Health Check: Testing Redis...
  Health Check: Redis SKIPPED
  2026-02-19 07:20:57 /api/health .................................. ~ 1.59ms
  Health Check: Testing Database...
  Health Check: Database OK
  Health Check: Testing Redis...
  Health Check: Redis SKIPPED
  2026-02-19 07:20:57 /api/health .................................. ~ 1.52ms
  Health Check: Testing Database...
  Health Check: Database OK
  Health Check: Testing Redis...
  Health Check: Redis SKIPPED
  2026-02-19 07:20:57 /api/health .................................. ~ 1.58ms
  Health Check: Testing Database...
  Health Check: Database OK
  Health Check: Testing Redis...
  Health Check: Redis SKIPPED
  2026-02-19 07:20:57 /api/health .................................. ~ 1.46ms
  Health Check: Testing Database...
  Health Check: Database OK
  Health Check: Testing Redis...
  Health Check: Redis SKIPPED
  2026-02-19 07:20:57 /api/health .................................. ~ 1.45ms
  Health Check: Testing Database...
  Health Check: Database OK
  Health Check: Testing Redis...
  Health Check: Redis SKIPPED
  2026-02-19 07:20:57 /api/health .................................. ~ 1.55ms
  Health Check: Testing Database...
  Health Check: Database OK
  Health Check: Testing Redis...
  Health Check: Redis SKIPPED
  2026-02-19 07:20:57 /api/health .................................. ~ 1.76ms
  Health Check: Testing Database...
  Health Check: Database OK
  Health Check: Testing Redis...
  Health Check: Redis SKIPPED
  2026-02-19 07:20:57 /api/health .................................. ~ 1.82ms
  Health Check: Testing Database...
  Health Check: Database OK
  Health Check: Testing Redis...
  Health Check: Redis SKIPPED
  2026-02-19 07:20:57 /api/health .................................. ~ 1.61ms
  Health Check: Testing Database...
  Health Check: Database OK
  Health Check: Testing Redis...
  Health Check: Redis SKIPPED
  2026-02-19 07:20:57 /api/health .................................. ~ 1.49ms
  Health Check: Testing Database...
  Health Check: Database OK
  Health Check: Testing Redis...
  Health Check: Redis SKIPPED
  2026-02-19 07:20:57 /api/health .................................. ~ 1.51ms
  Health Check: Testing Database...
  Health Check: Database OK
  Health Check: Testing Redis...
  Health Check: Redis SKIPPED
  2026-02-19 07:20:57 /api/health .................................. ~ 1.53ms
  Health Check: Testing Database...
  Health Check: Database OK
  Health Check: Testing Redis...
  Health Check: Redis SKIPPED
  2026-02-19 07:20:57 /api/health .................................. ~ 1.47ms
  Health Check: Testing Database...
  Health Check: Database OK
  Health Check: Testing Redis...
  Health Check: Redis SKIPPED
  2026-02-19 07:20:57 /api/health .................................. ~ 1.49ms
  Health Check: Testing Database...
  Health Check: Database OK
  Health Check: Testing Redis...
  Health Check: Redis SKIPPED
  2026-02-19 07:20:57 /api/health ................................ ~ 502.12ms
  Health Check: Testing Database...
  Health Check: Database OK
  Health Check: Testing Redis...
  Health Check: Redis SKIPPED
  2026-02-19 07:20:57 /api/health ................................ ~ 502.35ms
  Health Check: Testing Database...
  Health Check: Database OK
  Health Check: Testing Redis...
  Health Check: Redis SKIPPED
  2026-02-19 07:20:57 /api/health .................................. ~ 1.85ms
  Health Check: Testing Database...
  Health Check: Database OK
  Health Check: Testing Redis...
  Health Check: Redis SKIPPED
  2026-02-19 07:20:57 /api/health .................................. ~ 1.53ms
  Health Check: Testing Database...
  Health Check: Database OK
  Health Check: Testing Redis...
  Health Check: Redis SKIPPED
  2026-02-19 07:20:57 /api/health .................................. ~ 1.46ms
  Health Check: Testing Database...
  Health Check: Database OK
  Health Check: Testing Redis...
  Health Check: Redis SKIPPED
  2026-02-19 07:20:57 /api/health .................................. ~ 1.58ms
  Health Check: Testing Database...
  Health Check: Database OK
  Health Check: Testing Redis...
  Health Check: Redis SKIPPED
  2026-02-19 07:20:57 /api/health .................................. ~ 1.52ms
  Health Check: Testing Database...
  Health Check: Database OK
  Health Check: Testing Redis...
  Health Check: Redis SKIPPED
  2026-02-19 07:20:57 /api/health .................................. ~ 1.47ms
  Health Check: Testing Database...
  Health Check: Database OK
  Health Check: Testing Redis...
  Health Check: Redis SKIPPED
  2026-02-19 07:20:57 /api/health .................................. ~ 1.56ms
  Health Check: Testing Database...
  Health Check: Database OK
  Health Check: Testing Redis...
  Health Check: Redis SKIPPED
  2026-02-19 07:20:57 /api/health .................................. ~ 1.49ms
  Health Check: Testing Database...
  Health Check: Database OK
  Health Check: Testing Redis...
  Health Check: Redis SKIPPED
  2026-02-19 07:20:57 /api/health .................................. ~ 1.44ms
  Health Check: Testing Database...
  Health Check: Database OK
  Health Check: Testing Redis...
  Health Check: Redis SKIPPED
  2026-02-19 07:20:57 /api/health .................................. ~ 1.51ms
  Health Check: Testing Database...
  Health Check: Database OK
  Health Check: Testing Redis...
  Health Check: Redis SKIPPED
  2026-02-19 07:20:57 /api/health .................................. ~ 1.54ms
  Health Check: Testing Database...
  Health Check: Database OK
  Health Check: Testing Redis...
  Health Check: Redis SKIPPED
  2026-02-19 07:20:57 /api/health .................................. ~ 1.74ms
  Health Check: Testing Database...
  Health Check: Database OK
  Health Check: Testing Redis...
  Health Check: Redis SKIPPED
  2026-02-19 07:20:57 /api/health .................................. ~ 1.62ms
  Health Check: Testing Database...
  Health Check: Database OK
  Health Check: Testing Redis...
  Health Check: Redis SKIPPED
  2026-02-19 07:20:57 /api/health .................................. ~ 2.53ms
  Health Check: Testing Database...
  Health Check: Database OK
  Health Check: Testing Redis...
  Health Check: Redis SKIPPED
  2026-02-19 07:20:57 /api/health .................................. ~ 1.89ms
  Health Check: Testing Database...
  Health Check: Database OK
  Health Check: Testing Redis...
  Health Check: Redis SKIPPED
  2026-02-19 07:20:57 /api/health .................................. ~ 1.52ms
  Health Check: Testing Database...
  Health Check: Database OK
  Health Check: Testing Redis...
  Health Check: Redis SKIPPED
  2026-02-19 07:20:57 /api/health .................................. ~ 1.46ms
  Health Check: Testing Database...
  Health Check: Database OK
  Health Check: Testing Redis...
  Health Check: Redis SKIPPED
  2026-02-19 07:20:57 /api/health .................................. ~ 1.56ms
  Health Check: Testing Database...
  Health Check: Database OK
  Health Check: Testing Redis...
  Health Check: Redis SKIPPED
  2026-02-19 07:20:57 /api/health .................................. ~ 1.50ms
  Health Check: Testing Database...
  Health Check: Database OK
  Health Check: Testing Redis...
  Health Check: Redis SKIPPED
  2026-02-19 07:20:57 /api/health .................................. ~ 1.44ms
  Health Check: Testing Database...
  Health Check: Database OK
  Health Check: Testing Redis...
  Health Check: Redis SKIPPED
  2026-02-19 07:20:57 /api/health .................................. ~ 1.63ms
  Health Check: Testing Database...
  Health Check: Database OK
  Health Check: Testing Redis...
  Health Check: Redis SKIPPED
  2026-02-19 07:20:57 /api/health .................................. ~ 1.52ms
  Health Check: Testing Database...
  Health Check: Database OK
  Health Check: Testing Redis...
  Health Check: Redis SKIPPED
  2026-02-19 07:20:57 /api/health .................................. ~ 1.45ms
  Health Check: Testing Database...
  Health Check: Database OK
  Health Check: Testing Redis...
  Health Check: Redis SKIPPED
  2026-02-19 07:20:57 /api/health .................................. ~ 1.51ms
  Health Check: Testing Database...
  Health Check: Database OK
  Health Check: Testing Redis...
  Health Check: Redis SKIPPED
  2026-02-19 07:20:57 /api/health .................................. ~ 1.56ms
  Health Check: Testing Database...
  Health Check: Database OK
  Health Check: Testing Redis...
  Health Check: Redis SKIPPED
  2026-02-19 07:20:57 /api/health .................................. ~ 1.48ms
  Health Check: Testing Database...
  Health Check: Database OK
  Health Check: Testing Redis...
  Health Check: Redis SKIPPED
  2026-02-19 07:20:57 /api/health .................................. ~ 1.52ms
  Health Check: Testing Database...
  Health Check: Database OK
  Health Check: Testing Redis...
  Health Check: Redis SKIPPED
  2026-02-19 07:20:57 /api/health .................................. ~ 1.57ms
  Health Check: Testing Database...
  Health Check: Database OK
  Health Check: Testing Redis...
  Health Check: Redis SKIPPED
  2026-02-19 07:20:57 /api/health .................................. ~ 1.49ms
  Health Check: Testing Database...
  Health Check: Database OK
  Health Check: Testing Redis...
  Health Check: Redis SKIPPED
  2026-02-19 07:20:57 /api/health .................................. ~ 1.51ms
  Health Check: Testing Database...
  Health Check: Database OK
  Health Check: Testing Redis...
  Health Check: Redis SKIPPED
  2026-02-19 07:20:57 /api/health .................................. ~ 1.58ms
  Health Check: Testing Database...
  Health Check: Database OK
  Health Check: Testing Redis...
  Health Check: Redis SKIPPED
  2026-02-19 07:20:57 /api/health .................................. ~ 1.49ms
  Health Check: Testing Database...
  Health Check: Database OK
  Health Check: Testing Redis...
  Health Check: Redis SKIPPED
  2026-02-19 07:20:57 /api/health .................................. ~ 1.92ms
  Health Check: Testing Database...
  Health Check: Database OK
  Health Check: Testing Redis...
  Health Check: Redis SKIPPED
  2026-02-19 07:20:57 /api/health ................................ ~ 502.54ms
  Health Check: Testing Database...
  Health Check: Database OK
  Health Check: Testing Redis...
  Health Check: Redis SKIPPED
  2026-02-19 07:20:57 /api/health ................................ ~ 502.06ms
  Health Check: Testing Database...
  Health Check: Database OK
  Health Check: Testing Redis...
  Health Check: Redis SKIPPED
  2026-02-19 07:20:57 /api/health .................................. ~ 1.49ms
  Health Check: Testing Database...
  Health Check: Database OK
  Health Check: Testing Redis...
  Health Check: Redis SKIPPED
  2026-02-19 07:20:58 /api/health .................................. ~ 1.47ms
  Health Check: Testing Database...
  Health Check: Database OK
  Health Check: Testing Redis...
  Health Check: Redis SKIPPED
  2026-02-19 07:20:58 /api/health .................................. ~ 1.49ms
  Health Check: Testing Database...
  Health Check: Database OK
  Health Check: Testing Redis...
  Health Check: Redis SKIPPED
  2026-02-19 07:20:58 /api/health .................................. ~ 1.55ms
  Health Check: Testing Database...
  Health Check: Database OK
  Health Check: Testing Redis...
  Health Check: Redis SKIPPED
  2026-02-19 07:20:58 /api/health .................................. ~ 1.47ms
  Health Check: Testing Database...
  Health Check: Database OK
  Health Check: Testing Redis...
  Health Check: Redis SKIPPED
  2026-02-19 07:20:58 /api/health .................................. ~ 1.51ms
  Health Check: Testing Database...
  Health Check: Database OK
  Health Check: Testing Redis...
  Health Check: Redis SKIPPED
  2026-02-19 07:20:58 /api/health .................................. ~ 1.57ms
  Health Check: Testing Database...
  Health Check: Database OK
  Health Check: Testing Redis...
  Health Check: Redis SKIPPED
  2026-02-19 07:20:58 /api/health .................................. ~ 1.46ms
  Health Check: Testing Database...
  Health Check: Database OK
  Health Check: Testing Redis...
  Health Check: Redis SKIPPED
  2026-02-19 07:20:58 /api/health .................................. ~ 1.50ms
  Health Check: Testing Database...
  Health Check: Database OK
  Health Check: Testing Redis...
  Health Check: Redis SKIPPED
  2026-02-19 07:20:58 /api/health .................................. ~ 1.57ms
  Health Check: Testing Database...
  Health Check: Database OK
  Health Check: Testing Redis...
  Health Check: Redis SKIPPED
  2026-02-19 07:20:58 /api/health .................................. ~ 1.48ms
  Health Check: Testing Database...
  Health Check: Database OK
  Health Check: Testing Redis...
  Health Check: Redis SKIPPED
  2026-02-19 07:20:58 /api/health .................................. ~ 1.45ms
  Health Check: Testing Database...
  Health Check: Database OK
  Health Check: Testing Redis...
  Health Check: Redis SKIPPED
  2026-02-19 07:20:58 /api/health .................................. ~ 1.69ms
  Health Check: Testing Database...
  Health Check: Database OK
  Health Check: Testing Redis...
  Health Check: Redis SKIPPED
  2026-02-19 07:20:58 /api/health .................................. ~ 1.62ms
  Health Check: Testing Database...
  Health Check: Database OK
  Health Check: Testing Redis...
  Health Check: Redis SKIPPED
  2026-02-19 07:20:58 /api/health .................................. ~ 1.51ms
  Health Check: Testing Database...
  Health Check: Database OK
  Health Check: Testing Redis...
  Health Check: Redis SKIPPED
  2026-02-19 07:20:58 /api/health .................................. ~ 1.68ms
  Health Check: Testing Database...
  Health Check: Database OK
  Health Check: Testing Redis...
  Health Check: Redis SKIPPED
  2026-02-19 07:20:58 /api/health .................................. ~ 1.52ms
  Health Check: Testing Database...
  Health Check: Database OK
  Health Check: Testing Redis...
  Health Check: Redis SKIPPED
  2026-02-19 07:20:58 /api/health .................................. ~ 1.49ms
  Health Check: Testing Database...
  Health Check: Database OK
  Health Check: Testing Redis...
  Health Check: Redis SKIPPED
  2026-02-19 07:20:58 /api/health .................................. ~ 1.56ms
  Health Check: Testing Database...
  Health Check: Database OK
  Health Check: Testing Redis...
  Health Check: Redis SKIPPED
  2026-02-19 07:20:58 /api/health .................................. ~ 1.54ms
  Health Check: Testing Database...
  Health Check: Database OK
  Health Check: Testing Redis...
  Health Check: Redis SKIPPED
  2026-02-19 07:20:58 /api/health .................................. ~ 1.54ms
  Health Check: Testing Database...
  Health Check: Database OK
  Health Check: Testing Redis...
  Health Check: Redis SKIPPED
  2026-02-19 07:20:58 /api/health .................................. ~ 1.54ms
  Health Check: Testing Database...
  Health Check: Database OK
  Health Check: Testing Redis...
  Health Check: Redis SKIPPED
  2026-02-19 07:20:58 /api/health .................................. ~ 1.46ms
  Health Check: Testing Database...
  Health Check: Database OK
  Health Check: Testing Redis...
  Health Check: Redis SKIPPED
  2026-02-19 07:20:58 /api/health .................................. ~ 1.48ms
  Health Check: Testing Database...
  Health Check: Database OK
  Health Check: Testing Redis...
  Health Check: Redis SKIPPED
  2026-02-19 07:20:58 /api/health .................................. ~ 1.54ms
  Health Check: Testing Database...
  Health Check: Database OK
  Health Check: Testing Redis...
  Health Check: Redis SKIPPED
  2026-02-19 07:20:58 /api/health .................................. ~ 1.47ms
  Health Check: Testing Database...
  Health Check: Database OK
  Health Check: Testing Redis...
  Health Check: Redis SKIPPED
  2026-02-19 07:20:58 /api/health .................................. ~ 1.65ms
  Health Check: Testing Database...
  Health Check: Database OK
  Health Check: Testing Redis...
  Health Check: Redis SKIPPED
  2026-02-19 07:20:58 /api/health .................................. ~ 1.54ms
  Health Check: Testing Database...
  Health Check: Database OK
  Health Check: Testing Redis...
  Health Check: Redis SKIPPED
  2026-02-19 07:20:58 /api/health .................................. ~ 1.44ms
  Health Check: Testing Database...
  Health Check: Database OK
  Health Check: Testing Redis...
  Health Check: Redis SKIPPED
  2026-02-19 07:20:58 /api/health .................................. ~ 1.50ms
  Health Check: Testing Database...
  Health Check: Database OK
  Health Check: Testing Redis...
  Health Check: Redis SKIPPED
  2026-02-19 07:20:58 /api/health .................................. ~ 1.62ms
  Health Check: Testing Database...
  Health Check: Database OK
  Health Check: Testing Redis...
  Health Check: Redis SKIPPED
  2026-02-19 07:20:58 /api/health .................................. ~ 1.69ms
  Health Check: Testing Database...
  Health Check: Database OK
  Health Check: Testing Redis...
  Health Check: Redis SKIPPED
  2026-02-19 07:20:58 /api/health .................................. ~ 1.61ms
  Health Check: Testing Database...
  Health Check: Database OK
  Health Check: Testing Redis...
  Health Check: Redis SKIPPED
  2026-02-19 07:20:58 /api/health .................................. ~ 1.52ms
  Health Check: Testing Database...
  Health Check: Database OK
  Health Check: Testing Redis...
  Health Check: Redis SKIPPED
  2026-02-19 07:20:58 /api/health ................................ ~ 502.03ms
  Health Check: Testing Database...
  Health Check: Database OK
  Health Check: Testing Redis...
  Health Check: Redis SKIPPED
  2026-02-19 07:20:58 /api/health ................................ ~ 502.14ms
  Health Check: Testing Database...
  Health Check: Database OK
  Health Check: Testing Redis...
  Health Check: Redis SKIPPED
  2026-02-19 07:20:58 /api/health .................................. ~ 1.47ms
  Health Check: Testing Database...
  Health Check: Database OK
  Health Check: Testing Redis...
  Health Check: Redis SKIPPED
  2026-02-19 07:20:58 /api/health .................................. ~ 1.46ms
  Health Check: Testing Database...
  Health Check: Database OK
  Health Check: Testing Redis...
  Health Check: Redis SKIPPED
  2026-02-19 07:20:58 /api/health .................................. ~ 1.53ms
  Health Check: Testing Database...
  Health Check: Database OK
  Health Check: Testing Redis...
  Health Check: Redis SKIPPED
  2026-02-19 07:20:58 /api/health .................................. ~ 1.57ms
  Health Check: Testing Database...
  Health Check: Database OK
  Health Check: Testing Redis...
  Health Check: Redis SKIPPED
  2026-02-19 07:20:58 /api/health .................................. ~ 1.45ms
  Health Check: Testing Database...
  Health Check: Database OK
  Health Check: Testing Redis...
  Health Check: Redis SKIPPED
  2026-02-19 07:20:58 /api/health .................................. ~ 1.45ms
  Health Check: Testing Database...
  Health Check: Database OK
  Health Check: Testing Redis...
  Health Check: Redis SKIPPED
  2026-02-19 07:20:58 /api/health .................................. ~ 1.58ms
  Health Check: Testing Database...
  Health Check: Database OK
  Health Check: Testing Redis...
  Health Check: Redis SKIPPED
  2026-02-19 07:20:58 /api/health .................................. ~ 1.50ms
  Health Check: Testing Database...
  Health Check: Database OK
  Health Check: Testing Redis...
  Health Check: Redis SKIPPED
  2026-02-19 07:20:58 /api/health .................................. ~ 1.46ms
  Health Check: Testing Database...
  Health Check: Database OK
  Health Check: Testing Redis...
  Health Check: Redis SKIPPED
  2026-02-19 07:20:58 /api/health .................................. ~ 1.57ms
  Health Check: Testing Database...
  Health Check: Database OK
  Health Check: Testing Redis...
  Health Check: Redis SKIPPED
  2026-02-19 07:20:58 /api/health .................................. ~ 1.50ms
  Health Check: Testing Database...
  Health Check: Database OK
  Health Check: Testing Redis...
  Health Check: Redis SKIPPED
  2026-02-19 07:20:58 /api/health .................................. ~ 1.47ms
  Health Check: Testing Database...
  Health Check: Database OK
  Health Check: Testing Redis...
  Health Check: Redis SKIPPED
  2026-02-19 07:20:58 /api/health .................................. ~ 1.55ms
  Health Check: Testing Database...
  Health Check: Database OK
  Health Check: Testing Redis...
  Health Check: Redis SKIPPED
  2026-02-19 07:20:58 /api/health .................................. ~ 1.51ms
  Health Check: Testing Database...
  Health Check: Database OK
  Health Check: Testing Redis...
  Health Check: Redis SKIPPED
  2026-02-19 07:20:58 /api/health .................................. ~ 1.51ms
  Health Check: Testing Database...
  Health Check: Database OK
  Health Check: Testing Redis...
  Health Check: Redis SKIPPED
  2026-02-19 07:20:58 /api/health .................................. ~ 1.58ms
  Health Check: Testing Database...
  Health Check: Database OK
  Health Check: Testing Redis...
  Health Check: Redis SKIPPED
  2026-02-19 07:20:58 /api/health .................................. ~ 1.50ms
  Health Check: Testing Database...
  Health Check: Database OK
  Health Check: Testing Redis...
  Health Check: Redis SKIPPED
  2026-02-19 07:20:58 /api/health .................................. ~ 1.45ms
  Health Check: Testing Database...
  Health Check: Database OK
  Health Check: Testing Redis...
  Health Check: Redis SKIPPED
  2026-02-19 07:20:58 /api/health .................................. ~ 1.97ms
  Health Check: Testing Database...
  Health Check: Database OK
  Health Check: Testing Redis...
  Health Check: Redis SKIPPED
  2026-02-19 07:20:58 /api/health .................................. ~ 1.48ms
  Health Check: Testing Database...
  Health Check: Database OK
  Health Check: Testing Redis...
  Health Check: Redis SKIPPED
  2026-02-19 07:20:58 /api/health .................................. ~ 1.56ms
  Health Check: Testing Database...
  Health Check: Database OK
  Health Check: Testing Redis...
  Health Check: Redis SKIPPED
  2026-02-19 07:20:58 /api/health .................................. ~ 1.57ms
  Health Check: Testing Database...
  Health Check: Database OK
  Health Check: Testing Redis...
  Health Check: Redis SKIPPED
  2026-02-19 07:20:58 /api/health .................................. ~ 1.46ms
  Health Check: Testing Database...
  Health Check: Database OK
  Health Check: Testing Redis...
  Health Check: Redis SKIPPED
  2026-02-19 07:20:58 /api/health .................................. ~ 1.54ms
  Health Check: Testing Database...
  Health Check: Database OK
  Health Check: Testing Redis...
  Health Check: Redis SKIPPED
  2026-02-19 07:20:58 /api/health .................................. ~ 1.67ms
  Health Check: Testing Database...
  Health Check: Database OK
  Health Check: Testing Redis...
  Health Check: Redis SKIPPED
  2026-02-19 07:20:58 /api/health .................................. ~ 1.45ms
  Health Check: Testing Database...
  Health Check: Database OK
  Health Check: Testing Redis...
  Health Check: Redis SKIPPED
  2026-02-19 07:20:58 /api/health .................................. ~ 1.61ms
  Health Check: Testing Database...
  Health Check: Database OK
  Health Check: Testing Redis...
  Health Check: Redis SKIPPED
  2026-02-19 07:20:58 /api/health .................................. ~ 1.56ms
  Health Check: Testing Database...
  Health Check: Database OK
  Health Check: Testing Redis...
  Health Check: Redis SKIPPED
  2026-02-19 07:20:58 /api/health .................................. ~ 1.47ms
  Health Check: Testing Database...
  Health Check: Database OK
  Health Check: Testing Redis...
  Health Check: Redis SKIPPED
  2026-02-19 07:20:58 /api/health .................................. ~ 1.52ms
  Health Check: Testing Database...
  Health Check: Database OK
  Health Check: Testing Redis...
  Health Check: Redis SKIPPED
  2026-02-19 07:20:59 /api/health .................................. ~ 1.56ms
  Health Check: Testing Database...
  Health Check: Database OK
  Health Check: Testing Redis...
  Health Check: Redis SKIPPED
  2026-02-19 07:20:59 /api/health .................................. ~ 1.46ms
  Health Check: Testing Database...
  Health Check: Database OK
  Health Check: Testing Redis...
  Health Check: Redis SKIPPED
  2026-02-19 07:20:59 /api/health .................................. ~ 1.50ms
  Health Check: Testing Database...
  Health Check: Database OK
  Health Check: Testing Redis...
  Health Check: Redis SKIPPED
  2026-02-19 07:20:59 /api/health ................................ ~ 502.18ms
  Health Check: Testing Database...
  Health Check: Database OK
  Health Check: Testing Redis...
  Health Check: Redis SKIPPED
  2026-02-19 07:20:59 /api/health ................................ ~ 502.37ms
  Health Check: Testing Database...
  Health Check: Database OK
  Health Check: Testing Redis...
  Health Check: Redis SKIPPED
  2026-02-19 07:20:59 /api/health .................................. ~ 1.65ms
  Health Check: Testing Database...
  Health Check: Database OK
  Health Check: Testing Redis...
  Health Check: Redis SKIPPED
  2026-02-19 07:20:59 /api/health .................................. ~ 1.62ms
  Health Check: Testing Database...
  Health Check: Database OK
  Health Check: Testing Redis...
  Health Check: Redis SKIPPED
  2026-02-19 07:20:59 /api/health .................................. ~ 1.54ms
  Health Check: Testing Database...
  Health Check: Database OK
  Health Check: Testing Redis...
  Health Check: Redis SKIPPED
  2026-02-19 07:20:59 /api/health .................................. ~ 1.56ms
  Health Check: Testing Database...
  Health Check: Database OK
  Health Check: Testing Redis...
  Health Check: Redis SKIPPED
  2026-02-19 07:20:59 /api/health .................................. ~ 1.52ms
  Health Check: Testing Database...
  Health Check: Database OK
  Health Check: Testing Redis...
  Health Check: Redis SKIPPED
  2026-02-19 07:20:59 /api/health .................................. ~ 1.52ms
  Health Check: Testing Database...
  Health Check: Database OK
  Health Check: Testing Redis...
  Health Check: Redis SKIPPED
  2026-02-19 07:20:59 /api/health .................................. ~ 1.80ms
  Health Check: Testing Database...
  Health Check: Database OK
  Health Check: Testing Redis...
  Health Check: Redis SKIPPED
  2026-02-19 07:20:59 /api/health .................................. ~ 1.53ms
  Health Check: Testing Database...
  Health Check: Database OK
  Health Check: Testing Redis...
  Health Check: Redis SKIPPED
  2026-02-19 07:20:59 /api/health .................................. ~ 1.51ms
